Fri Aug 18 14:00:01 KST 2023
0번째 게임의 생존자는 456명입니다.
Fri Aug 18 14:06:01 KST 2023
0번째 게임의 생존자는 456명입니다.
Fri Aug 18 14:12:01 KST 2023
0번째 게임의 생존자는 456명입니다.
/home/joker/cron_new/scripts/frontman.sh: line 15: [: missing `]'
/home/joker/cron_new/scripts/frontman.sh: line 17: [: missing `]'
-a 또는 -g로 옵션을 주세요.
/home/joker/cron_new/scripts/frontman.sh: line 15: [: missing `]'
/home/joker/cron_new/scripts/frontman.sh: line 17: [: missing `]'
-a 또는 -g로 옵션을 주세요.
/home/joker/cron_new/scripts/frontman.sh: line 15: [: missing `]'
/home/joker/cron_new/scripts/frontman.sh: line 17: [: missing `]'
-a 또는 -g로 옵션을 주세요.
Fri Aug 18 14:42:01 KST 2023
0번째 게임의 생존자는 456명입니다.
Fri Aug 18 14:48:01 KST 2023
0번째 게임의 생존자는 456명입니다.
Fri Aug 18 14:50:01 KST 2023
1번째 게임 [무궁화 꽃이 피었습니다], 주어진 시간은 5분입니다.
1번째 게임의 생존자는 201명입니다.
Fri Aug 18 14:51:01 KST 2023
1번째 게임 [무궁화 꽃이 피었습니다], 주어진 시간은 5분입니다.
1번째 게임의 생존자는 201명입니다.
Fri Aug 18 14:52:01 KST 2023
1번째 게임 [무궁화 꽃이 피었습니다], 주어진 시간은 5분입니다.
1번째 게임의 생존자는 201명입니다.
Fri Aug 18 14:53:01 KST 2023
1번째 게임 [무궁화 꽃이 피었습니다], 주어진 시간은 5분입니다.
1번째 게임의 생존자는 201명입니다.
Fri Aug 18 14:54:01 KST 2023
1번째 게임 [무궁화 꽃이 피었습니다], 주어진 시간은 5분입니다.
1번째 게임의 생존자는 201명입니다.
Fri Aug 18 14:59:01 KST 2023
0번째 게임의 생존자는 456명입니다.
Fri Aug 18 15:00:01 KST 2023
0번째 게임의 생존자는 456명입니다.
Fri Aug 18 15:01:01 KST 2023
0번째 게임의 생존자는 456명입니다.
Fri Aug 18 15:02:01 KST 2023
0번째 게임의 생존자는 456명입니다.
Fri Aug 18 15:03:01 KST 2023
0번째 게임의 생존자는 456명입니다.
Fri Aug 18 15:04:01 KST 2023
0번째 게임의 생존자는 456명입니다.
Fri Aug 18 15:05:01 KST 2023
0번째 게임의 생존자는 456명입니다.
Fri Aug 18 15:06:01 KST 2023
0번째 게임의 생존자는 456명입니다.
Fri Aug 18 15:07:01 KST 2023
0번째 게임의 생존자는 456명입니다.
Fri Aug 18 15:08:01 KST 2023
0번째 게임의 생존자는 456명입니다.
Fri Aug 18 15:09:01 KST 2023
0번째 게임의 생존자는 456명입니다.
/bin/sh: 1: /home/joker/cron_new/scripts/job.sh: not found
/bin/sh: 1: /home/joker/cron_new/scripts/job.sh: not found
/bin/sh: 1: /home/joker/cron_new/scripts/job.sh: not found
/bin/sh: 1: /home/joker/cron_new/scripts/job.sh: not found
/bin/sh: 1: /home/joker/cron_new/scripts/job.sh: not found
/bin/sh: 1: /home/joker/cron_new/scripts/job.sh: not found
/bin/sh: 1: /home/joker/cron_new/scripts/job.sh: not found
/bin/sh: 1: /home/joker/cron_new/scripts/job.sh: not found
/bin/sh: 1: /home/joker/cron_new/scripts/job.sh: not found
/bin/sh: 1: /home/joker/cron_new/scripts/job.sh: not found
/bin/sh: 1: /home/joker/cron_new/scripts/job.sh: not found
/bin/sh: 1: /home/joker/cron_new/scripts/job.sh: not found
/bin/sh: 1: /home/joker/cron_new/scripts/job.sh: not found
/bin/sh: 1: /home/joker/cron_new/scripts/job.sh: not found
/bin/sh: 1: /home/joker/cron_new/scripts/job.sh: not found
/bin/sh: 1: /home/joker/cron_new/scripts/job.sh: not found
/bin/sh: 1: /home/joker/cron_new/scripts/job.sh: not found
/bin/sh: 1: /home/joker/cron_new/scripts/job.sh: not found
/bin/sh: 1: /home/joker/cron_new/scripts/job.sh: not found
/bin/sh: 1: /home/joker/cron_new/scripts/job.sh: not found
/bin/sh: 1: /home/joker/cron_new/scripts/job.sh: not found
/bin/sh: 1: /home/joker/cron_new/scripts/job.sh: not found
/bin/sh: 1: /home/joker/cron_new/scripts/job.sh: not found
/bin/sh: 1: /home/joker/cron_new/scripts/job.sh: not found
/bin/sh: 1: /home/joker/cron_new/scripts/job.sh: not found
/bin/sh: 1: /home/joker/cron_new/scripts/job.sh: not found
/bin/sh: 1: /home/joker/cron_new/scripts/job.sh: not found
/bin/sh: 1: /home/joker/cron_new/scripts/job.sh: not found
/bin/sh: 1: /home/joker/cron_new/scripts/job.sh: not found
/bin/sh: 1: /home/joker/cron_new/scripts/job.sh: not found
/bin/sh: 1: /home/joker/cron_new/scripts/job.sh: not found
/bin/sh: 1: /home/joker/cron_new/scripts/job.sh: not found
/bin/sh: 1: /home/joker/cron_new/scripts/job.sh: not found
/bin/sh: 1: /home/joker/cron_new/scripts/job.sh: not found
/bin/sh: 1: /home/joker/cron_new/scripts/job.sh: not found
/bin/sh: 1: /home/joker/cron_new/scripts/job.sh: not found
/bin/sh: 1: /home/joker/cron_new/scripts/job.sh: not found
/bin/sh: 1: /home/joker/cron_new/scripts/job.sh: not found
/bin/sh: 1: /home/joker/cron_new/scripts/job.sh: not found
/bin/sh: 1: /home/joker/cron_new/scripts/job.sh: not found
/bin/sh: 1: /home/joker/cron_new/scripts/job.sh: not found
/bin/sh: 1: /home/joker/cron_new/scripts/job.sh: not found
/bin/sh: 1: /home/joker/cron_new/scripts/job.sh: not found
/bin/sh: 1: /home/joker/cron_new/scripts/job.sh: not found
/bin/sh: 1: /home/joker/cron_new/scripts/job.sh: not found
/bin/sh: 1: /home/joker/cron_new/scripts/job.sh: not found
/bin/sh: 1: /home/joker/cron_new/scripts/job.sh: not found
/bin/sh: 1: /home/joker/cron_new/scripts/job.sh: not found
/bin/sh: 1: /home/joker/cron_new/scripts/job.sh: not found
/bin/sh: 1: /home/joker/cron_new/scripts/job.sh: not found
/bin/sh: 1: /home/joker/cron_new/scripts/job.sh: not found
/bin/sh: 1: /home/joker/cron_new/scripts/job.sh: not found
/bin/sh: 1: /home/joker/cron_new/scripts/job.sh: not found
/bin/sh: 1: /home/joker/cron_new/scripts/job.sh: not found
/bin/sh: 1: /home/joker/cron_new/scripts/job.sh: not found
/bin/sh: 1: /home/joker/cron_new/scripts/job.sh: not found
/bin/sh: 1: /home/joker/cron_new/scripts/job.sh: not found
/bin/sh: 1: /home/joker/cron_new/scripts/job.sh: not found
/bin/sh: 1: /home/joker/cron_new/scripts/job.sh: not found
/bin/sh: 1: /home/joker/cron_new/scripts/job.sh: not found
/bin/sh: 1: /home/joker/cron_new/scripts/job.sh: not found
/bin/sh: 1: /home/joker/cron_new/scripts/job.sh: not found
/bin/sh: 1: /home/joker/cron_new/scripts/job.sh: not found
/bin/sh: 1: /home/joker/cron_new/scripts/job.sh: not found
/bin/sh: 1: /home/joker/cron_new/scripts/job.sh: not found
/bin/sh: 1: /home/joker/cron_new/scripts/job.sh: not found
/bin/sh: 1: /home/joker/cron_new/scripts/job.sh: not found
/bin/sh: 1: /home/joker/cron_new/scripts/job.sh: not found
/bin/sh: 1: /home/joker/cron_new/scripts/job.sh: not found
/bin/sh: 1: /home/joker/cron_new/scripts/job.sh: not found
/bin/sh: 1: /home/joker/cron_new/scripts/job.sh: not found
/bin/sh: 1: /home/joker/cron_new/scripts/job.sh: not found
/bin/sh: 1: /home/joker/cron_new/scripts/job.sh: not found
/bin/sh: 1: /home/joker/cron_new/scripts/job.sh: not found
/bin/sh: 1: /home/joker/cron_new/scripts/job.sh: not found
/bin/sh: 1: /home/joker/cron_new/scripts/job.sh: not found
/bin/sh: 1: /home/joker/cron_new/scripts/job.sh: not found
/bin/sh: 1: /home/joker/cron_new/scripts/job.sh: not found
/bin/sh: 1: /home/joker/cron_new/scripts/job.sh: not found
/bin/sh: 1: /home/joker/cron_new/scripts/job.sh: not found
/bin/sh: 1: /home/joker/cron_new/scripts/job.sh: not found
/bin/sh: 1: /home/joker/cron_new/scripts/job.sh: not found
/bin/sh: 1: /home/joker/cron_new/scripts/job.sh: not found
/bin/sh: 1: /home/joker/cron_new/scripts/job.sh: not found
/bin/sh: 1: /home/joker/cron_new/scripts/job.sh: not found
/bin/sh: 1: /home/joker/cron_new/scripts/job.sh: not found
/bin/sh: 1: /home/joker/cron_new/scripts/job.sh: not found
/bin/sh: 1: /home/joker/cron_new/scripts/job.sh: not found
/bin/sh: 1: /home/joker/cron_new/scripts/job.sh: not found
/bin/sh: 1: /home/joker/cron_new/scripts/job.sh: not found
/bin/sh: 1: /home/joker/cron_new/scripts/job.sh: not found
/bin/sh: 1: /home/joker/cron_new/scripts/job.sh: not found
/bin/sh: 1: /home/joker/cron_new/scripts/job.sh: not found
/bin/sh: 1: /home/joker/cron_new/scripts/job.sh: not found
/bin/sh: 1: /home/joker/cron_new/scripts/job.sh: not found
/bin/sh: 1: /home/joker/cron_new/scripts/job.sh: not found
/bin/sh: 1: /home/joker/cron_new/scripts/job.sh: not found
/bin/sh: 1: /home/joker/cron_new/scripts/job.sh: not found
/bin/sh: 1: /home/joker/cron_new/scripts/job.sh: not found
/bin/sh: 1: /home/joker/cron_new/scripts/job.sh: not found
/bin/sh: 1: /home/joker/cron_new/scripts/job.sh: not found
/bin/sh: 1: /home/joker/cron_new/scripts/job.sh: not found
/bin/sh: 1: /home/joker/cron_new/scripts/job.sh: not found
/bin/sh: 1: /home/joker/cron_new/scripts/job.sh: not found
/bin/sh: 1: /home/joker/cron_new/scripts/job.sh: not found
/bin/sh: 1: /home/joker/cron_new/scripts/job.sh: not found
/bin/sh: 1: /home/joker/cron_new/scripts/job.sh: not found
/bin/sh: 1: /home/joker/cron_new/scripts/job.sh: not found
/bin/sh: 1: /home/joker/cron_new/scripts/job.sh: not found
/bin/sh: 1: /home/joker/cron_new/scripts/job.sh: not found
/bin/sh: 1: /home/joker/cron_new/scripts/job.sh: not found
/bin/sh: 1: /home/joker/cron_new/scripts/job.sh: not found
/bin/sh: 1: /home/joker/cron_new/scripts/job.sh: not found
/bin/sh: 1: /home/joker/cron_new/scripts/job.sh: not found
/bin/sh: 1: /home/joker/cron_new/scripts/job.sh: not found
/bin/sh: 1: /home/joker/cron_new/scripts/job.sh: not found
/bin/sh: 1: /home/joker/cron_new/scripts/job.sh: not found
/bin/sh: 1: /home/joker/cron_new/scripts/job.sh: not found
/bin/sh: 1: /home/joker/cron_new/scripts/job.sh: not found
/bin/sh: 1: /home/joker/cron_new/scripts/job.sh: not found
/bin/sh: 1: /home/joker/cron_new/scripts/job.sh: not found
/bin/sh: 1: /home/joker/cron_new/scripts/job.sh: not found
/bin/sh: 1: /home/joker/cron_new/scripts/job.sh: not found
/bin/sh: 1: /home/joker/cron_new/scripts/job.sh: not found
/bin/sh: 1: /home/joker/cron_new/scripts/job.sh: not found
/bin/sh: 1: /home/joker/cron_new/scripts/job.sh: not found
/bin/sh: 1: /home/joker/cron_new/scripts/job.sh: not found
/bin/sh: 1: /home/joker/cron_new/scripts/job.sh: not found
/bin/sh: 1: /home/joker/cron_new/scripts/job.sh: not found
/bin/sh: 1: /home/joker/cron_new/scripts/job.sh: not found
/bin/sh: 1: /home/joker/cron_new/scripts/job.sh: not found
/bin/sh: 1: /home/joker/cron_new/scripts/job.sh: not found
/bin/sh: 1: /home/joker/cron_new/scripts/job.sh: not found
/bin/sh: 1: /home/joker/cron_new/scripts/job.sh: not found
/bin/sh: 1: /home/joker/cron_new/scripts/job.sh: not found
/bin/sh: 1: /home/joker/cron_new/scripts/job.sh: not found
/bin/sh: 1: /home/joker/cron_new/scripts/job.sh: not found
/bin/sh: 1: /home/joker/cron_new/scripts/job.sh: not found
/bin/sh: 1: /home/joker/cron_new/scripts/job.sh: not found
/bin/sh: 1: /home/joker/cron_new/scripts/job.sh: not found
/bin/sh: 1: /home/joker/cron_new/scripts/job.sh: not found
/bin/sh: 1: /home/joker/cron_new/scripts/job.sh: not found
/bin/sh: 1: /home/joker/cron_new/scripts/job.sh: not found
/bin/sh: 1: /home/joker/cron_new/scripts/job.sh: not found
/bin/sh: 1: /home/joker/cron_new/scripts/job.sh: not found
/bin/sh: 1: /home/joker/cron_new/scripts/job.sh: not found
/bin/sh: 1: /home/joker/cron_new/scripts/job.sh: not found
/bin/sh: 1: /home/joker/cron_new/scripts/job.sh: not found
/bin/sh: 1: /home/joker/cron_new/scripts/job.sh: not found
/bin/sh: 1: /home/joker/cron_new/scripts/job.sh: not found
/bin/sh: 1: /home/joker/cron_new/scripts/job.sh: not found
/bin/sh: 1: /home/joker/cron_new/scripts/job.sh: not found
/bin/sh: 1: /home/joker/cron_new/scripts/job.sh: not found
/bin/sh: 1: /home/joker/cron_new/scripts/job.sh: not found
/bin/sh: 1: /home/joker/cron_new/scripts/job.sh: not found
/bin/sh: 1: /home/joker/cron_new/scripts/job.sh: not found
/bin/sh: 1: /home/joker/cron_new/scripts/job.sh: not found
/bin/sh: 1: /home/joker/cron_new/scripts/job.sh: not found
/bin/sh: 1: /home/joker/cron_new/scripts/job.sh: not found
/bin/sh: 1: /home/joker/cron_new/scripts/job.sh: not found
/bin/sh: 1: /home/joker/cron_new/scripts/job.sh: not found
/bin/sh: 1: /home/joker/cron_new/scripts/job.sh: not found
/bin/sh: 1: /home/joker/cron_new/scripts/job.sh: not found
/bin/sh: 1: /home/joker/cron_new/scripts/job.sh: not found
/bin/sh: 1: /home/joker/cron_new/scripts/job.sh: not found
/bin/sh: 1: /home/joker/cron_new/scripts/job.sh: not found
/bin/sh: 1: /home/joker/cron_new/scripts/job.sh: not found
/bin/sh: 1: /home/joker/cron_new/scripts/job.sh: not found
/bin/sh: 1: /home/joker/cron_new/scripts/job.sh: not found
/bin/sh: 1: /home/joker/cron_new/scripts/job.sh: not found
/bin/sh: 1: /home/joker/cron_new/scripts/job.sh: not found
/bin/sh: 1: /home/joker/cron_new/scripts/job.sh: not found
/bin/sh: 1: /home/joker/cron_new/scripts/job.sh: not found
/bin/sh: 1: /home/joker/cron_new/scripts/job.sh: not found
/bin/sh: 1: /home/joker/cron_new/scripts/job.sh: not found
/bin/sh: 1: /home/joker/cron_new/scripts/job.sh: not found
/bin/sh: 1: /home/joker/cron_new/scripts/job.sh: not found
/bin/sh: 1: /home/joker/cron_new/scripts/job.sh: not found
/bin/sh: 1: /home/joker/cron_new/scripts/job.sh: not found
/bin/sh: 1: /home/joker/cron_new/scripts/job.sh: not found
/bin/sh: 1: /home/joker/cron_new/scripts/job.sh: not found
/bin/sh: 1: /home/joker/cron_new/scripts/job.sh: not found
/bin/sh: 1: /home/joker/cron_new/scripts/job.sh: not found
/bin/sh: 1: /home/joker/cron_new/scripts/job.sh: not found
/bin/sh: 1: /home/joker/cron_new/scripts/job.sh: not found
/bin/sh: 1: /home/joker/cron_new/scripts/job.sh: not found
/bin/sh: 1: /home/joker/cron_new/scripts/job.sh: not found
/bin/sh: 1: /home/joker/cron_new/scripts/job.sh: not found
/bin/sh: 1: /home/joker/cron_new/scripts/job.sh: not found
/bin/sh: 1: /home/joker/cron_new/scripts/job.sh: not found
/bin/sh: 1: /home/joker/cron_new/scripts/job.sh: not found
/bin/sh: 1: /home/joker/cron_new/scripts/job.sh: not found
/bin/sh: 1: /home/joker/cron_new/scripts/job.sh: not found
/bin/sh: 1: /home/joker/cron_new/scripts/job.sh: not found
/bin/sh: 1: /home/joker/cron_new/scripts/job.sh: not found
/bin/sh: 1: /home/joker/cron_new/scripts/job.sh: not found
/bin/sh: 1: /home/joker/cron_new/scripts/job.sh: not found
/bin/sh: 1: /home/joker/cron_new/scripts/job.sh: not found
/bin/sh: 1: /home/joker/cron_new/scripts/job.sh: not found
/bin/sh: 1: /home/joker/cron_new/scripts/job.sh: not found
/bin/sh: 1: /home/joker/cron_new/scripts/job.sh: not found
/bin/sh: 1: /home/joker/cron_new/scripts/job.sh: not found
/bin/sh: 1: /home/joker/cron_new/scripts/job.sh: not found
/bin/sh: 1: /home/joker/cron_new/scripts/job.sh: not found
/bin/sh: 1: /home/joker/cron_new/scripts/job.sh: not found
/bin/sh: 1: /home/joker/cron_new/scripts/job.sh: not found
/bin/sh: 1: /home/joker/cron_new/scripts/job.sh: not found
/bin/sh: 1: /home/joker/cron_new/scripts/job.sh: not found
/bin/sh: 1: /home/joker/cron_new/scripts/job.sh: not found
/bin/sh: 1: /home/joker/cron_new/scripts/job.sh: not found
/bin/sh: 1: /home/joker/cron_new/scripts/job.sh: not found
/bin/sh: 1: /home/joker/cron_new/scripts/job.sh: not found
/bin/sh: 1: /home/joker/cron_new/scripts/job.sh: not found
/bin/sh: 1: /home/joker/cron_new/scripts/job.sh: not found
/bin/sh: 1: /home/joker/cron_new/scripts/job.sh: not found
/bin/sh: 1: /home/joker/cron_new/scripts/job.sh: not found
/bin/sh: 1: /home/joker/cron_new/scripts/job.sh: not found
/bin/sh: 1: /home/joker/cron_new/scripts/job.sh: not found
/bin/sh: 1: /home/joker/cron_new/scripts/job.sh: not found
/bin/sh: 1: /home/joker/cron_new/scripts/job.sh: not found
/bin/sh: 1: /home/joker/cron_new/scripts/job.sh: not found
/bin/sh: 1: /home/joker/cron_new/scripts/job.sh: not found
/bin/sh: 1: /home/joker/cron_new/scripts/job.sh: not found
/bin/sh: 1: /home/joker/cron_new/scripts/job.sh: not found
/bin/sh: 1: /home/joker/cron_new/scripts/job.sh: not found
/bin/sh: 1: /home/joker/cron_new/scripts/job.sh: not found
/bin/sh: 1: /home/joker/cron_new/scripts/job.sh: not found
/bin/sh: 1: /home/joker/cron_new/scripts/job.sh: not found
/bin/sh: 1: /home/joker/cron_new/scripts/job.sh: not found
/bin/sh: 1: /home/joker/cron_new/scripts/job.sh: not found
/bin/sh: 1: /home/joker/cron_new/scripts/job.sh: not found
/bin/sh: 1: /home/joker/cron_new/scripts/job.sh: not found
/bin/sh: 1: /home/joker/cron_new/scripts/job.sh: not found
/bin/sh: 1: /home/joker/cron_new/scripts/job.sh: not found
/bin/sh: 1: /home/joker/cron_new/scripts/job.sh: not found
/bin/sh: 1: /home/joker/cron_new/scripts/job.sh: not found
/bin/sh: 1: /home/joker/cron_new/scripts/job.sh: not found
/bin/sh: 1: /home/joker/cron_new/scripts/job.sh: not found
/bin/sh: 1: /home/joker/cron_new/scripts/job.sh: not found
/bin/sh: 1: /home/joker/cron_new/scripts/job.sh: not found
/bin/sh: 1: /home/joker/cron_new/scripts/job.sh: not found
/bin/sh: 1: /home/joker/cron_new/scripts/job.sh: not found
/bin/sh: 1: /home/joker/cron_new/scripts/job.sh: not found
/bin/sh: 1: /home/joker/cron_new/scripts/job.sh: not found
/bin/sh: 1: /home/joker/cron_new/scripts/job.sh: not found
/bin/sh: 1: /home/joker/cron_new/scripts/job.sh: not found
/bin/sh: 1: /home/joker/cron_new/scripts/job.sh: not found
/bin/sh: 1: /home/joker/cron_new/scripts/job.sh: not found
/bin/sh: 1: /home/joker/cron_new/scripts/job.sh: not found
/bin/sh: 1: /home/joker/cron_new/scripts/job.sh: not found
/bin/sh: 1: /home/joker/cron_new/scripts/job.sh: not found
/bin/sh: 1: /home/joker/cron_new/scripts/job.sh: not found
/bin/sh: 1: /home/joker/cron_new/scripts/job.sh: not found
/bin/sh: 1: /home/joker/cron_new/scripts/job.sh: not found
/bin/sh: 1: /home/joker/cron_new/scripts/job.sh: not found
/bin/sh: 1: /home/joker/cron_new/scripts/job.sh: not found
/bin/sh: 1: /home/joker/cron_new/scripts/job.sh: not found
/bin/sh: 1: /home/joker/cron_new/scripts/job.sh: not found
/bin/sh: 1: /home/joker/cron_new/scripts/job.sh: not found
/bin/sh: 1: /home/joker/cron_new/scripts/job.sh: not found
/bin/sh: 1: /home/joker/cron_new/scripts/job.sh: not found
/bin/sh: 1: /home/joker/cron_new/scripts/job.sh: not found
/bin/sh: 1: /home/joker/cron_new/scripts/job.sh: not found
/bin/sh: 1: /home/joker/cron_new/scripts/job.sh: not found
/bin/sh: 1: /home/joker/cron_new/scripts/job.sh: not found
/bin/sh: 1: /home/joker/cron_new/scripts/job.sh: not found
/bin/sh: 1: /home/joker/cron_new/scripts/job.sh: not found
/bin/sh: 1: /home/joker/cron_new/scripts/job.sh: not found
/bin/sh: 1: /home/joker/cron_new/scripts/job.sh: not found
/bin/sh: 1: /home/joker/cron_new/scripts/job.sh: not found
/bin/sh: 1: /home/joker/cron_new/scripts/job.sh: not found
/bin/sh: 1: /home/joker/cron_new/scripts/job.sh: not found
/bin/sh: 1: /home/joker/cron_new/scripts/job.sh: not found
/bin/sh: 1: /home/joker/cron_new/scripts/job.sh: not found
/bin/sh: 1: /home/joker/cron_new/scripts/job.sh: not found
/bin/sh: 1: /home/joker/cron_new/scripts/job.sh: not found
/bin/sh: 1: /home/joker/cron_new/scripts/job.sh: not found
/bin/sh: 1: /home/joker/cron_new/scripts/job.sh: not found
/bin/sh: 1: /home/joker/cron_new/scripts/job.sh: not found
/bin/sh: 1: /home/joker/cron_new/scripts/job.sh: not found
/bin/sh: 1: /home/joker/cron_new/scripts/job.sh: not found
/bin/sh: 1: /home/joker/cron_new/scripts/job.sh: not found
/bin/sh: 1: /home/joker/cron_new/scripts/job.sh: not found
/bin/sh: 1: /home/joker/cron_new/scripts/job.sh: not found
/bin/sh: 1: /home/joker/cron_new/scripts/job.sh: not found
/bin/sh: 1: /home/joker/cron_new/scripts/job.sh: not found
/bin/sh: 1: /home/joker/cron_new/scripts/job.sh: not found
/bin/sh: 1: /home/joker/cron_new/scripts/job.sh: not found
/bin/sh: 1: /home/joker/cron_new/scripts/job.sh: not found
/bin/sh: 1: /home/joker/cron_new/scripts/job.sh: not found
/bin/sh: 1: /home/joker/cron_new/scripts/job.sh: not found
/bin/sh: 1: /home/joker/cron_new/scripts/job.sh: not found
/bin/sh: 1: /home/joker/cron_new/scripts/job.sh: not found
/bin/sh: 1: /home/joker/cron_new/scripts/job.sh: not found
/bin/sh: 1: /home/joker/cron_new/scripts/job.sh: not found
/bin/sh: 1: /home/joker/cron_new/scripts/job.sh: not found
/bin/sh: 1: /home/joker/cron_new/scripts/job.sh: not found
/bin/sh: 1: /home/joker/cron_new/scripts/job.sh: not found
/bin/sh: 1: /home/joker/cron_new/scripts/job.sh: not found
/bin/sh: 1: /home/joker/cron_new/scripts/job.sh: not found
/bin/sh: 1: /home/joker/cron_new/scripts/job.sh: not found
/bin/sh: 1: /home/joker/cron_new/scripts/job.sh: not found
/bin/sh: 1: /home/joker/cron_new/scripts/job.sh: not found
/bin/sh: 1: /home/joker/cron_new/scripts/job.sh: not found
/bin/sh: 1: /home/joker/cron_new/scripts/job.sh: not found
/bin/sh: 1: /home/joker/cron_new/scripts/job.sh: not found
/bin/sh: 1: /home/joker/cron_new/scripts/job.sh: not found
/bin/sh: 1: /home/joker/cron_new/scripts/job.sh: not found
/bin/sh: 1: /home/joker/cron_new/scripts/job.sh: not found
/bin/sh: 1: /home/joker/cron_new/scripts/job.sh: not found
/bin/sh: 1: /home/joker/cron_new/scripts/job.sh: not found
/bin/sh: 1: /home/joker/cron_new/scripts/job.sh: not found
/bin/sh: 1: /home/joker/cron_new/scripts/job.sh: not found
/bin/sh: 1: /home/joker/cron_new/scripts/job.sh: not found
/bin/sh: 1: /home/joker/cron_new/scripts/job.sh: not found
/bin/sh: 1: /home/joker/cron_new/scripts/job.sh: not found
/bin/sh: 1: /home/joker/cron_new/scripts/job.sh: not found
/bin/sh: 1: /home/joker/cron_new/scripts/job.sh: not found
/bin/sh: 1: /home/joker/cron_new/scripts/job.sh: not found
/bin/sh: 1: /home/joker/cron_new/scripts/job.sh: not found
/bin/sh: 1: /home/joker/cron_new/scripts/job.sh: not found
/bin/sh: 1: /home/joker/cron_new/scripts/job.sh: not found
/bin/sh: 1: /home/joker/cron_new/scripts/job.sh: not found
/bin/sh: 1: /home/joker/cron_new/scripts/job.sh: not found
/bin/sh: 1: /home/joker/cron_new/scripts/job.sh: not found
/bin/sh: 1: /home/joker/cron_new/scripts/job.sh: not found
/bin/sh: 1: /home/joker/cron_new/scripts/job.sh: not found
/bin/sh: 1: /home/joker/cron_new/scripts/job.sh: not found
/bin/sh: 1: /home/joker/cron_new/scripts/job.sh: not found
/bin/sh: 1: /home/joker/cron_new/scripts/job.sh: not found
/bin/sh: 1: /home/joker/cron_new/scripts/job.sh: not found
/bin/sh: 1: /home/joker/cron_new/scripts/job.sh: not found
/bin/sh: 1: /home/joker/cron_new/scripts/job.sh: not found
/bin/sh: 1: /home/joker/cron_new/scripts/job.sh: not found
/bin/sh: 1: /home/joker/cron_new/scripts/job.sh: not found
/bin/sh: 1: /home/joker/cron_new/scripts/job.sh: not found
/bin/sh: 1: /home/joker/cron_new/scripts/job.sh: not found
/bin/sh: 1: /home/joker/cron_new/scripts/job.sh: not found
/bin/sh: 1: /home/joker/cron_new/scripts/job.sh: not found
/bin/sh: 1: /home/joker/cron_new/scripts/job.sh: not found
/bin/sh: 1: /home/joker/cron_new/scripts/job.sh: not found
/bin/sh: 1: /home/joker/cron_new/scripts/job.sh: not found
/bin/sh: 1: /home/joker/cron_new/scripts/job.sh: not found
/bin/sh: 1: /home/joker/cron_new/scripts/job.sh: not found
/bin/sh: 1: /home/joker/cron_new/scripts/job.sh: not found
/bin/sh: 1: /home/joker/cron_new/scripts/job.sh: not found
/bin/sh: 1: /home/joker/cron_new/scripts/job.sh: not found
/bin/sh: 1: /home/joker/cron_new/scripts/job.sh: not found
/bin/sh: 1: /home/joker/cron_new/scripts/job.sh: not found
/bin/sh: 1: /home/joker/cron_new/scripts/job.sh: not found
/bin/sh: 1: /home/joker/cron_new/scripts/job.sh: not found
/bin/sh: 1: /home/joker/cron_new/scripts/job.sh: not found
/bin/sh: 1: /home/joker/cron_new/scripts/job.sh: not found
/bin/sh: 1: /home/joker/cron_new/scripts/job.sh: not found
/bin/sh: 1: /home/joker/cron_new/scripts/job.sh: not found
/bin/sh: 1: /home/joker/cron_new/scripts/job.sh: not found
/bin/sh: 1: /home/joker/cron_new/scripts/job.sh: not found
/bin/sh: 1: /home/joker/cron_new/scripts/job.sh: not found
/bin/sh: 1: /home/joker/cron_new/scripts/job.sh: not found
/bin/sh: 1: /home/joker/cron_new/scripts/job.sh: not found
/bin/sh: 1: /home/joker/cron_new/scripts/job.sh: not found
/bin/sh: 1: /home/joker/cron_new/scripts/job.sh: not found
/bin/sh: 1: /home/joker/cron_new/scripts/job.sh: not found
/bin/sh: 1: /home/joker/cron_new/scripts/job.sh: not found
/bin/sh: 1: /home/joker/cron_new/scripts/job.sh: not found
/bin/sh: 1: /home/joker/cron_new/scripts/job.sh: not found
/bin/sh: 1: /home/joker/cron_new/scripts/job.sh: not found
/bin/sh: 1: /home/joker/cron_new/scripts/job.sh: not found
/bin/sh: 1: /home/joker/cron_new/scripts/job.sh: not found
/bin/sh: 1: /home/joker/cron_new/scripts/job.sh: not found
/bin/sh: 1: /home/joker/cron_new/scripts/job.sh: not found
/bin/sh: 1: /home/joker/cron_new/scripts/job.sh: not found
/bin/sh: 1: /home/joker/cron_new/scripts/job.sh: not found
/bin/sh: 1: /home/joker/cron_new/scripts/job.sh: not found
/bin/sh: 1: /home/joker/cron_new/scripts/job.sh: not found
/bin/sh: 1: /home/joker/cron_new/scripts/job.sh: not found
/bin/sh: 1: /home/joker/cron_new/scripts/job.sh: not found
/bin/sh: 1: /home/joker/cron_new/scripts/job.sh: not found
/bin/sh: 1: /home/joker/cron_new/scripts/job.sh: not found
/bin/sh: 1: /home/joker/cron_new/scripts/job.sh: not found
/bin/sh: 1: /home/joker/cron_new/scripts/job.sh: not found
/bin/sh: 1: /home/joker/cron_new/scripts/job.sh: not found
/bin/sh: 1: /home/joker/cron_new/scripts/job.sh: not found
/bin/sh: 1: /home/joker/cron_new/scripts/job.sh: not found
/bin/sh: 1: /home/joker/cron_new/scripts/job.sh: not found
/bin/sh: 1: /home/joker/cron_new/scripts/job.sh: not found
/bin/sh: 1: /home/joker/cron_new/scripts/job.sh: not found
/bin/sh: 1: /home/joker/cron_new/scripts/job.sh: not found
/bin/sh: 1: /home/joker/cron_new/scripts/job.sh: not found
/bin/sh: 1: /home/joker/cron_new/scripts/job.sh: not found
/bin/sh: 1: /home/joker/cron_new/scripts/job.sh: not found
/bin/sh: 1: /home/joker/cron_new/scripts/job.sh: not found
/bin/sh: 1: /home/joker/cron_new/scripts/job.sh: not found
/bin/sh: 1: /home/joker/cron_new/scripts/job.sh: not found
/bin/sh: 1: /home/joker/cron_new/scripts/job.sh: not found
/bin/sh: 1: /home/joker/cron_new/scripts/job.sh: not found
/bin/sh: 1: /home/joker/cron_new/scripts/job.sh: not found
/bin/sh: 1: /home/joker/cron_new/scripts/job.sh: not found
/bin/sh: 1: /home/joker/cron_new/scripts/job.sh: not found
/bin/sh: 1: /home/joker/cron_new/scripts/job.sh: not found
/bin/sh: 1: /home/joker/cron_new/scripts/job.sh: not found
/bin/sh: 1: /home/joker/cron_new/scripts/job.sh: not found
/bin/sh: 1: /home/joker/cron_new/scripts/job.sh: not found
/bin/sh: 1: /home/joker/cron_new/scripts/job.sh: not found
/bin/sh: 1: /home/joker/cron_new/scripts/job.sh: not found
/bin/sh: 1: /home/joker/cron_new/scripts/job.sh: not found
/bin/sh: 1: /home/joker/cron_new/scripts/job.sh: not found
/bin/sh: 1: /home/joker/cron_new/scripts/job.sh: not found
/bin/sh: 1: /home/joker/cron_new/scripts/job.sh: not found
/bin/sh: 1: /home/joker/cron_new/scripts/job.sh: not found
/bin/sh: 1: /home/joker/cron_new/scripts/job.sh: not found
/bin/sh: 1: /home/joker/cron_new/scripts/job.sh: not found
/bin/sh: 1: /home/joker/cron_new/scripts/job.sh: not found
/bin/sh: 1: /home/joker/cron_new/scripts/job.sh: not found
/bin/sh: 1: /home/joker/cron_new/scripts/job.sh: not found
/bin/sh: 1: /home/joker/cron_new/scripts/job.sh: not found
/bin/sh: 1: /home/joker/cron_new/scripts/job.sh: not found
/bin/sh: 1: /home/joker/cron_new/scripts/job.sh: not found
/bin/sh: 1: /home/joker/cron_new/scripts/job.sh: not found
/bin/sh: 1: /home/joker/cron_new/scripts/job.sh: not found
/bin/sh: 1: /home/joker/cron_new/scripts/job.sh: not found
/bin/sh: 1: /home/joker/cron_new/scripts/job.sh: not found
/bin/sh: 1: /home/joker/cron_new/scripts/job.sh: not found
/bin/sh: 1: /home/joker/cron_new/scripts/job.sh: not found
/bin/sh: 1: /home/joker/cron_new/scripts/job.sh: not found
/bin/sh: 1: /home/joker/cron_new/scripts/job.sh: not found
/bin/sh: 1: /home/joker/cron_new/scripts/job.sh: not found
/bin/sh: 1: /home/joker/cron_new/scripts/job.sh: not found
/bin/sh: 1: /home/joker/cron_new/scripts/job.sh: not found
/bin/sh: 1: /home/joker/cron_new/scripts/job.sh: not found
/bin/sh: 1: /home/joker/cron_new/scripts/job.sh: not found
/bin/sh: 1: /home/joker/cron_new/scripts/job.sh: not found
/bin/sh: 1: /home/joker/cron_new/scripts/job.sh: not found
/bin/sh: 1: /home/joker/cron_new/scripts/job.sh: not found
/bin/sh: 1: /home/joker/cron_new/scripts/job.sh: not found
/bin/sh: 1: /home/joker/cron_new/scripts/job.sh: not found
/bin/sh: 1: /home/joker/cron_new/scripts/job.sh: not found
/bin/sh: 1: /home/joker/cron_new/scripts/job.sh: not found
/bin/sh: 1: /home/joker/cron_new/scripts/job.sh: not found
/bin/sh: 1: /home/joker/cron_new/scripts/job.sh: not found
/bin/sh: 1: /home/joker/cron_new/scripts/job.sh: not found
/bin/sh: 1: /home/joker/cron_new/scripts/job.sh: not found
/bin/sh: 1: /home/joker/cron_new/scripts/job.sh: not found
/bin/sh: 1: /home/joker/cron_new/scripts/job.sh: not found
/bin/sh: 1: /home/joker/cron_new/scripts/job.sh: not found
/bin/sh: 1: /home/joker/cron_new/scripts/job.sh: not found
/bin/sh: 1: /home/joker/cron_new/scripts/job.sh: not found
/bin/sh: 1: /home/joker/cron_new/scripts/job.sh: not found
/bin/sh: 1: /home/joker/cron_new/scripts/job.sh: not found
/bin/sh: 1: /home/joker/cron_new/scripts/job.sh: not found
/bin/sh: 1: /home/joker/cron_new/scripts/job.sh: not found
/bin/sh: 1: /home/joker/cron_new/scripts/job.sh: not found
/bin/sh: 1: /home/joker/cron_new/scripts/job.sh: not found
/bin/sh: 1: /home/joker/cron_new/scripts/job.sh: not found
/bin/sh: 1: /home/joker/cron_new/scripts/job.sh: not found
/bin/sh: 1: /home/joker/cron_new/scripts/job.sh: not found
/bin/sh: 1: /home/joker/cron_new/scripts/job.sh: not found
/bin/sh: 1: /home/joker/cron_new/scripts/job.sh: not found
/bin/sh: 1: /home/joker/cron_new/scripts/job.sh: not found
/bin/sh: 1: /home/joker/cron_new/scripts/job.sh: not found
/bin/sh: 1: /home/joker/cron_new/scripts/job.sh: not found
/bin/sh: 1: /home/joker/cron_new/scripts/job.sh: not found
/bin/sh: 1: /home/joker/cron_new/scripts/job.sh: not found
/bin/sh: 1: /home/joker/cron_new/scripts/job.sh: not found
/bin/sh: 1: /home/joker/cron_new/scripts/job.sh: not found
/bin/sh: 1: /home/joker/cron_new/scripts/job.sh: not found
/bin/sh: 1: /home/joker/cron_new/scripts/job.sh: not found
/bin/sh: 1: /home/joker/cron_new/scripts/job.sh: not found
/bin/sh: 1: /home/joker/cron_new/scripts/job.sh: not found
/bin/sh: 1: /home/joker/cron_new/scripts/job.sh: not found
/bin/sh: 1: /home/joker/cron_new/scripts/job.sh: not found
/bin/sh: 1: /home/joker/cron_new/scripts/job.sh: not found
/bin/sh: 1: /home/joker/cron_new/scripts/job.sh: not found
/bin/sh: 1: /home/joker/cron_new/scripts/job.sh: not found
/bin/sh: 1: /home/joker/cron_new/scripts/job.sh: not found
/bin/sh: 1: /home/joker/cron_new/scripts/job.sh: not found
/bin/sh: 1: /home/joker/cron_new/scripts/job.sh: not found
/bin/sh: 1: /home/joker/cron_new/scripts/job.sh: not found
/bin/sh: 1: /home/joker/cron_new/scripts/job.sh: not found
/bin/sh: 1: /home/joker/cron_new/scripts/job.sh: not found
/bin/sh: 1: /home/joker/cron_new/scripts/job.sh: not found
/bin/sh: 1: /home/joker/cron_new/scripts/job.sh: not found
/bin/sh: 1: /home/joker/cron_new/scripts/job.sh: not found
/bin/sh: 1: /home/joker/cron_new/scripts/job.sh: not found
/bin/sh: 1: /home/joker/cron_new/scripts/job.sh: not found
/bin/sh: 1: /home/joker/cron_new/scripts/job.sh: not found
/bin/sh: 1: /home/joker/cron_new/scripts/job.sh: not found
/bin/sh: 1: /home/joker/cron_new/scripts/job.sh: not found
/bin/sh: 1: /home/joker/cron_new/scripts/job.sh: not found
/bin/sh: 1: /home/joker/cron_new/scripts/job.sh: not found
/bin/sh: 1: /home/joker/cron_new/scripts/job.sh: not found
/bin/sh: 1: /home/joker/cron_new/scripts/job.sh: not found
/bin/sh: 1: /home/joker/cron_new/scripts/job.sh: not found
/bin/sh: 1: /home/joker/cron_new/scripts/job.sh: not found
/bin/sh: 1: /home/joker/cron_new/scripts/job.sh: not found
/bin/sh: 1: /home/joker/cron_new/scripts/job.sh: not found
/bin/sh: 1: /home/joker/cron_new/scripts/job.sh: not found
/bin/sh: 1: /home/joker/cron_new/scripts/job.sh: not found
/bin/sh: 1: /home/joker/cron_new/scripts/job.sh: not found
/bin/sh: 1: /home/joker/cron_new/scripts/job.sh: not found
/bin/sh: 1: /home/joker/cron_new/scripts/job.sh: not found
/bin/sh: 1: /home/joker/cron_new/scripts/job.sh: not found
/bin/sh: 1: /home/joker/cron_new/scripts/job.sh: not found
/bin/sh: 1: /home/joker/cron_new/scripts/job.sh: not found
/bin/sh: 1: /home/joker/cron_new/scripts/job.sh: not found
/bin/sh: 1: /home/joker/cron_new/scripts/job.sh: not found
/bin/sh: 1: /home/joker/cron_new/scripts/job.sh: not found
/bin/sh: 1: /home/joker/cron_new/scripts/job.sh: not found
/bin/sh: 1: /home/joker/cron_new/scripts/job.sh: not found
/bin/sh: 1: /home/joker/cron_new/scripts/job.sh: not found
/bin/sh: 1: /home/joker/cron_new/scripts/job.sh: not found
/bin/sh: 1: /home/joker/cron_new/scripts/job.sh: not found
/bin/sh: 1: /home/joker/cron_new/scripts/job.sh: not found
/bin/sh: 1: /home/joker/cron_new/scripts/job.sh: not found
/bin/sh: 1: /home/joker/cron_new/scripts/job.sh: not found
/bin/sh: 1: /home/joker/cron_new/scripts/job.sh: not found
/bin/sh: 1: /home/joker/cron_new/scripts/job.sh: not found
/bin/sh: 1: /home/joker/cron_new/scripts/job.sh: not found
/bin/sh: 1: /home/joker/cron_new/scripts/job.sh: not found
/bin/sh: 1: /home/joker/cron_new/scripts/job.sh: not found
/bin/sh: 1: /home/joker/cron_new/scripts/job.sh: not found
/bin/sh: 1: /home/joker/cron_new/scripts/job.sh: not found
/bin/sh: 1: /home/joker/cron_new/scripts/job.sh: not found
/bin/sh: 1: /home/joker/cron_new/scripts/job.sh: not found
/bin/sh: 1: /home/joker/cron_new/scripts/job.sh: not found
/bin/sh: 1: /home/joker/cron_new/scripts/job.sh: not found
/bin/sh: 1: /home/joker/cron_new/scripts/job.sh: not found
/bin/sh: 1: /home/joker/cron_new/scripts/job.sh: not found
/bin/sh: 1: /home/joker/cron_new/scripts/job.sh: not found
/bin/sh: 1: /home/joker/cron_new/scripts/job.sh: not found
/bin/sh: 1: /home/joker/cron_new/scripts/job.sh: not found
/bin/sh: 1: /home/joker/cron_new/scripts/job.sh: not found
/bin/sh: 1: /home/joker/cron_new/scripts/job.sh: not found
/bin/sh: 1: /home/joker/cron_new/scripts/job.sh: not found
/bin/sh: 1: /home/joker/cron_new/scripts/job.sh: not found
/bin/sh: 1: /home/joker/cron_new/scripts/job.sh: not found
/bin/sh: 1: /home/joker/cron_new/scripts/job.sh: not found
/bin/sh: 1: /home/joker/cron_new/scripts/job.sh: not found
/bin/sh: 1: /home/joker/cron_new/scripts/job.sh: not found
/bin/sh: 1: /home/joker/cron_new/scripts/job.sh: not found
/bin/sh: 1: /home/joker/cron_new/scripts/job.sh: not found
/bin/sh: 1: /home/joker/cron_new/scripts/job.sh: not found
/bin/sh: 1: /home/joker/cron_new/scripts/job.sh: not found
/bin/sh: 1: /home/joker/cron_new/scripts/job.sh: not found
/bin/sh: 1: /home/joker/cron_new/scripts/job.sh: not found
/bin/sh: 1: /home/joker/cron_new/scripts/job.sh: not found
/bin/sh: 1: /home/joker/cron_new/scripts/job.sh: not found
/bin/sh: 1: /home/joker/cron_new/scripts/job.sh: not found
/bin/sh: 1: /home/joker/cron_new/scripts/job.sh: not found
/bin/sh: 1: /home/joker/cron_new/scripts/job.sh: not found
/bin/sh: 1: /home/joker/cron_new/scripts/job.sh: not found
/bin/sh: 1: /home/joker/cron_new/scripts/job.sh: not found
/bin/sh: 1: /home/joker/cron_new/scripts/job.sh: not found
/bin/sh: 1: /home/joker/cron_new/scripts/job.sh: not found
/bin/sh: 1: /home/joker/cron_new/scripts/job.sh: not found
/bin/sh: 1: /home/joker/cron_new/scripts/job.sh: not found
/bin/sh: 1: /home/joker/cron_new/scripts/job.sh: not found
/bin/sh: 1: /home/joker/cron_new/scripts/job.sh: not found
/bin/sh: 1: /home/joker/cron_new/scripts/job.sh: not found
/bin/sh: 1: /home/joker/cron_new/scripts/job.sh: not found
/bin/sh: 1: /home/joker/cron_new/scripts/job.sh: not found
/bin/sh: 1: /home/joker/cron_new/scripts/job.sh: not found
/bin/sh: 1: /home/joker/cron_new/scripts/job.sh: not found
/bin/sh: 1: /home/joker/cron_new/scripts/job.sh: not found
/bin/sh: 1: /home/joker/cron_new/scripts/job.sh: not found
/bin/sh: 1: /home/joker/cron_new/scripts/job.sh: not found
/bin/sh: 1: /home/joker/cron_new/scripts/job.sh: not found
/bin/sh: 1: /home/joker/cron_new/scripts/job.sh: not found
/bin/sh: 1: /home/joker/cron_new/scripts/job.sh: not found
/bin/sh: 1: /home/joker/cron_new/scripts/job.sh: not found
/bin/sh: 1: /home/joker/cron_new/scripts/job.sh: not found
/bin/sh: 1: /home/joker/cron_new/scripts/job.sh: not found
/bin/sh: 1: /home/joker/cron_new/scripts/job.sh: not found
/bin/sh: 1: /home/joker/cron_new/scripts/job.sh: not found
/bin/sh: 1: /home/joker/cron_new/scripts/job.sh: not found
/bin/sh: 1: /home/joker/cron_new/scripts/job.sh: not found
/bin/sh: 1: /home/joker/cron_new/scripts/job.sh: not found
/bin/sh: 1: /home/joker/cron_new/scripts/job.sh: not found
/bin/sh: 1: /home/joker/cron_new/scripts/job.sh: not found
/bin/sh: 1: /home/joker/cron_new/scripts/job.sh: not found
/bin/sh: 1: /home/joker/cron_new/scripts/job.sh: not found
/bin/sh: 1: /home/joker/cron_new/scripts/job.sh: not found
/bin/sh: 1: /home/joker/cron_new/scripts/job.sh: not found
/bin/sh: 1: /home/joker/cron_new/scripts/job.sh: not found
/bin/sh: 1: /home/joker/cron_new/scripts/job.sh: not found
/bin/sh: 1: /home/joker/cron_new/scripts/job.sh: not found
/bin/sh: 1: /home/joker/cron_new/scripts/job.sh: not found
/bin/sh: 1: /home/joker/cron_new/scripts/job.sh: not found
/bin/sh: 1: /home/joker/cron_new/scripts/job.sh: not found
/bin/sh: 1: /home/joker/cron_new/scripts/job.sh: not found
/bin/sh: 1: /home/joker/cron_new/scripts/job.sh: not found
/bin/sh: 1: /home/joker/cron_new/scripts/job.sh: not found
/bin/sh: 1: /home/joker/cron_new/scripts/job.sh: not found
/bin/sh: 1: /home/joker/cron_new/scripts/job.sh: not found
/bin/sh: 1: /home/joker/cron_new/scripts/job.sh: not found
/bin/sh: 1: /home/joker/cron_new/scripts/job.sh: not found
/bin/sh: 1: /home/joker/cron_new/scripts/job.sh: not found
/bin/sh: 1: /home/joker/cron_new/scripts/job.sh: not found
/bin/sh: 1: /home/joker/cron_new/scripts/job.sh: not found
/bin/sh: 1: /home/joker/cron_new/scripts/job.sh: not found
/bin/sh: 1: /home/joker/cron_new/scripts/job.sh: not found
/bin/sh: 1: /home/joker/cron_new/scripts/job.sh: not found
/bin/sh: 1: /home/joker/cron_new/scripts/job.sh: not found
/bin/sh: 1: /home/joker/cron_new/scripts/job.sh: not found
/bin/sh: 1: /home/joker/cron_new/scripts/job.sh: not found
/bin/sh: 1: /home/joker/cron_new/scripts/job.sh: not found
/bin/sh: 1: /home/joker/cron_new/scripts/job.sh: not found
/bin/sh: 1: /home/joker/cron_new/scripts/job.sh: not found
/bin/sh: 1: /home/joker/cron_new/scripts/job.sh: not found
/bin/sh: 1: /home/joker/cron_new/scripts/job.sh: not found
/bin/sh: 1: /home/joker/cron_new/scripts/job.sh: not found
/bin/sh: 1: /home/joker/cron_new/scripts/job.sh: not found
/bin/sh: 1: /home/joker/cron_new/scripts/job.sh: not found
/bin/sh: 1: /home/joker/cron_new/scripts/job.sh: not found
/bin/sh: 1: /home/joker/cron_new/scripts/job.sh: not found
/bin/sh: 1: /home/joker/cron_new/scripts/job.sh: not found
/bin/sh: 1: /home/joker/cron_new/scripts/job.sh: not found
/bin/sh: 1: /home/joker/cron_new/scripts/job.sh: not found
/bin/sh: 1: /home/joker/cron_new/scripts/job.sh: not found
/bin/sh: 1: /home/joker/cron_new/scripts/job.sh: not found
/bin/sh: 1: /home/joker/cron_new/scripts/job.sh: not found
/bin/sh: 1: /home/joker/cron_new/scripts/job.sh: not found
/bin/sh: 1: /home/joker/cron_new/scripts/job.sh: not found
/bin/sh: 1: /home/joker/cron_new/scripts/job.sh: not found
/bin/sh: 1: /home/joker/cron_new/scripts/job.sh: not found
/bin/sh: 1: /home/joker/cron_new/scripts/job.sh: not found
/bin/sh: 1: /home/joker/cron_new/scripts/job.sh: not found
/bin/sh: 1: /home/joker/cron_new/scripts/job.sh: not found
/bin/sh: 1: /home/joker/cron_new/scripts/job.sh: not found
/bin/sh: 1: /home/joker/cron_new/scripts/job.sh: not found
/bin/sh: 1: /home/joker/cron_new/scripts/job.sh: not found
/bin/sh: 1: /home/joker/cron_new/scripts/job.sh: not found
/bin/sh: 1: /home/joker/cron_new/scripts/job.sh: not found
/bin/sh: 1: /home/joker/cron_new/scripts/job.sh: not found
/bin/sh: 1: /home/joker/cron_new/scripts/job.sh: not found
/bin/sh: 1: /home/joker/cron_new/scripts/job.sh: not found
/bin/sh: 1: /home/joker/cron_new/scripts/job.sh: not found
/bin/sh: 1: /home/joker/cron_new/scripts/job.sh: not found
/bin/sh: 1: /home/joker/cron_new/scripts/job.sh: not found
/bin/sh: 1: /home/joker/cron_new/scripts/job.sh: not found
/bin/sh: 1: /home/joker/cron_new/scripts/job.sh: not found
/bin/sh: 1: /home/joker/cron_new/scripts/job.sh: not found
/bin/sh: 1: /home/joker/cron_new/scripts/job.sh: not found
/bin/sh: 1: /home/joker/cron_new/scripts/job.sh: not found
/bin/sh: 1: /home/joker/cron_new/scripts/job.sh: not found
/bin/sh: 1: /home/joker/cron_new/scripts/job.sh: not found
/bin/sh: 1: /home/joker/cron_new/scripts/job.sh: not found
/bin/sh: 1: /home/joker/cron_new/scripts/job.sh: not found
/bin/sh: 1: /home/joker/cron_new/scripts/job.sh: not found
/bin/sh: 1: /home/joker/cron_new/scripts/job.sh: not found
/bin/sh: 1: /home/joker/cron_new/scripts/job.sh: not found
/bin/sh: 1: /home/joker/cron_new/scripts/job.sh: not found
/bin/sh: 1: /home/joker/cron_new/scripts/job.sh: not found
/bin/sh: 1: /home/joker/cron_new/scripts/job.sh: not found
/bin/sh: 1: /home/joker/cron_new/scripts/job.sh: not found
/bin/sh: 1: /home/joker/cron_new/scripts/job.sh: not found
/bin/sh: 1: /home/joker/cron_new/scripts/job.sh: not found
/bin/sh: 1: /home/joker/cron_new/scripts/job.sh: not found
/bin/sh: 1: /home/joker/cron_new/scripts/job.sh: not found
/bin/sh: 1: /home/joker/cron_new/scripts/job.sh: not found
/bin/sh: 1: /home/joker/cron_new/scripts/job.sh: not found
/bin/sh: 1: /home/joker/cron_new/scripts/job.sh: not found
/bin/sh: 1: /home/joker/cron_new/scripts/job.sh: not found
/bin/sh: 1: /home/joker/cron_new/scripts/job.sh: not found
/bin/sh: 1: /home/joker/cron_new/scripts/job.sh: not found
/bin/sh: 1: /home/joker/cron_new/scripts/job.sh: not found
/bin/sh: 1: /home/joker/cron_new/scripts/job.sh: not found
/bin/sh: 1: /home/joker/cron_new/scripts/job.sh: not found
/bin/sh: 1: /home/joker/cron_new/scripts/job.sh: not found
/bin/sh: 1: /home/joker/cron_new/scripts/job.sh: not found
/bin/sh: 1: /home/joker/cron_new/scripts/job.sh: not found
/bin/sh: 1: /home/joker/cron_new/scripts/job.sh: not found
/bin/sh: 1: /home/joker/cron_new/scripts/job.sh: not found
/bin/sh: 1: /home/joker/cron_new/scripts/job.sh: not found
/bin/sh: 1: /home/joker/cron_new/scripts/job.sh: not found
/bin/sh: 1: /home/joker/cron_new/scripts/job.sh: not found
/bin/sh: 1: /home/joker/cron_new/scripts/job.sh: not found
/bin/sh: 1: /home/joker/cron_new/scripts/job.sh: not found
/bin/sh: 1: /home/joker/cron_new/scripts/job.sh: not found
/bin/sh: 1: /home/joker/cron_new/scripts/job.sh: not found
/bin/sh: 1: /home/joker/cron_new/scripts/job.sh: not found
/bin/sh: 1: /home/joker/cron_new/scripts/job.sh: not found
/bin/sh: 1: /home/joker/cron_new/scripts/job.sh: not found
/bin/sh: 1: /home/joker/cron_new/scripts/job.sh: not found
/bin/sh: 1: /home/joker/cron_new/scripts/job.sh: not found
/bin/sh: 1: /home/joker/cron_new/scripts/job.sh: not found
/bin/sh: 1: /home/joker/cron_new/scripts/job.sh: not found
/bin/sh: 1: /home/joker/cron_new/scripts/job.sh: not found
/bin/sh: 1: /home/joker/cron_new/scripts/job.sh: not found
/bin/sh: 1: /home/joker/cron_new/scripts/job.sh: not found
/bin/sh: 1: /home/joker/cron_new/scripts/job.sh: not found
/bin/sh: 1: /home/joker/cron_new/scripts/job.sh: not found
/bin/sh: 1: /home/joker/cron_new/scripts/job.sh: not found
/bin/sh: 1: /home/joker/cron_new/scripts/job.sh: not found
/bin/sh: 1: /home/joker/cron_new/scripts/job.sh: not found
/bin/sh: 1: /home/joker/cron_new/scripts/job.sh: not found
/bin/sh: 1: /home/joker/cron_new/scripts/job.sh: not found
/bin/sh: 1: /home/joker/cron_new/scripts/job.sh: not found
/bin/sh: 1: /home/joker/cron_new/scripts/job.sh: not found
/bin/sh: 1: /home/joker/cron_new/scripts/job.sh: not found
/bin/sh: 1: /home/joker/cron_new/scripts/job.sh: not found
/bin/sh: 1: /home/joker/cron_new/scripts/job.sh: not found
/bin/sh: 1: /home/joker/cron_new/scripts/job.sh: not found
/bin/sh: 1: /home/joker/cron_new/scripts/job.sh: not found
/bin/sh: 1: /home/joker/cron_new/scripts/job.sh: not found
/bin/sh: 1: /home/joker/cron_new/scripts/job.sh: not found
/bin/sh: 1: /home/joker/cron_new/scripts/job.sh: not found
/bin/sh: 1: /home/joker/cron_new/scripts/job.sh: not found
/bin/sh: 1: /home/joker/cron_new/scripts/job.sh: not found
/bin/sh: 1: /home/joker/cron_new/scripts/job.sh: not found
/bin/sh: 1: /home/joker/cron_new/scripts/job.sh: not found
/bin/sh: 1: /home/joker/cron_new/scripts/job.sh: not found
/bin/sh: 1: /home/joker/cron_new/scripts/job.sh: not found
